nohup: ignoring input

==== Running molecule in:
[31m[1mCRITICAL[0m 'molecule/default/molecule.yml' glob failed.  Exiting.
[31mERROR   [0m 'molecule/default/molecule.yml' glob failed.  Exiting.
*** FAILED: 

==== Running molecule in:
[31m[1mCRITICAL[0m 'molecule/default/molecule.yml' glob failed.  Exiting.
[31mERROR   [0m 'molecule/default/molecule.yml' glob failed.  Exiting.
*** FAILED: 

==== Running molecule in:
[31m[1mCRITICAL[0m 'molecule/default/molecule.yml' glob failed.  Exiting.
[31mERROR   [0m 'molecule/default/molecule.yml' glob failed.  Exiting.
*** FAILED: 

==== Running molecule in:
[31m[1mCRITICAL[0m 'molecule/default/molecule.yml' glob failed.  Exiting.
[31mERROR   [0m 'molecule/default/molecule.yml' glob failed.  Exiting.
*** FAILED: 

==== Running molecule in:
[31m[1mCRITICAL[0m 'molecule/default/molecule.yml' glob failed.  Exiting.
[31mERROR   [0m 'molecule/default/molecule.yml' glob failed.  Exiting.
*** FAILED: 

==== Running molecule in:
[31m[1mCRITICAL[0m 'molecule/default/molecule.yml' glob failed.  Exiting.
[31mERROR   [0m 'molecule/default/molecule.yml' glob failed.  Exiting.
*** FAILED: 

==== Running molecule in:
[31m[1mCRITICAL[0m 'molecule/default/molecule.yml' glob failed.  Exiting.
[31mERROR   [0m 'molecule/default/molecule.yml' glob failed.  Exiting.
*** FAILED: 

==== Running molecule in:
[31m[1mCRITICAL[0m 'molecule/default/molecule.yml' glob failed.  Exiting.
[31mERROR   [0m 'molecule/default/molecule.yml' glob failed.  Exiting.
*** FAILED: 

==== Running molecule in:
[31m[1mCRITICAL[0m 'molecule/default/molecule.yml' glob failed.  Exiting.
[31mERROR   [0m 'molecule/default/molecule.yml' glob failed.  Exiting.
*** FAILED: 

==== Running molecule in:
[31m[1mCRITICAL[0m 'molecule/default/molecule.yml' glob failed.  Exiting.
[31mERROR   [0m 'molecule/default/molecule.yml' glob failed.  Exiting.
*** FAILED: 

==== Running molecule in:
[31m[1mCRITICAL[0m 'molecule/default/molecule.yml' glob failed.  Exiting.
[31mERROR   [0m 'molecule/default/molecule.yml' glob failed.  Exiting.
*** FAILED: 

==== Running molecule in:
[31m[1mCRITICAL[0m 'molecule/default/molecule.yml' glob failed.  Exiting.
[31mERROR   [0m 'molecule/default/molecule.yml' glob failed.  Exiting.
*** FAILED: 

==== Running molecule in:
[31m[1mCRITICAL[0m 'molecule/default/molecule.yml' glob failed.  Exiting.
[31mERROR   [0m 'molecule/default/molecule.yml' glob failed.  Exiting.
*** FAILED: 

==== Running molecule in:
[31m[1mCRITICAL[0m 'molecule/default/molecule.yml' glob failed.  Exiting.
[31mERROR   [0m 'molecule/default/molecule.yml' glob failed.  Exiting.
*** FAILED: 

==== Running molecule in:
[31m[1mCRITICAL[0m 'molecule/default/molecule.yml' glob failed.  Exiting.
[31mERROR   [0m 'molecule/default/molecule.yml' glob failed.  Exiting.
*** FAILED: 

==== Running molecule in:
[31m[1mCRITICAL[0m 'molecule/default/molecule.yml' glob failed.  Exiting.
[31mERROR   [0m 'molecule/default/molecule.yml' glob failed.  Exiting.
*** FAILED: 

==== Running molecule in:
[31m[1mCRITICAL[0m 'molecule/default/molecule.yml' glob failed.  Exiting.
[31mERROR   [0m 'molecule/default/molecule.yml' glob failed.  Exiting.
*** FAILED: 

==== Running molecule in:
[31m[1mCRITICAL[0m 'molecule/default/molecule.yml' glob failed.  Exiting.
[31mERROR   [0m 'molecule/default/molecule.yml' glob failed.  Exiting.
*** FAILED: 

==== Running molecule in:
[31m[1mCRITICAL[0m 'molecule/default/molecule.yml' glob failed.  Exiting.
[31mERROR   [0m 'molecule/default/molecule.yml' glob failed.  Exiting.
*** FAILED: 

==== Running molecule in:
[31m[1mCRITICAL[0m 'molecule/default/molecule.yml' glob failed.  Exiting.
[31mERROR   [0m 'molecule/default/molecule.yml' glob failed.  Exiting.
*** FAILED: 

==== Running molecule in:
[31m[1mCRITICAL[0m 'molecule/default/molecule.yml' glob failed.  Exiting.
[31mERROR   [0m 'molecule/default/molecule.yml' glob failed.  Exiting.
*** FAILED: 

==== Running molecule in:
[31m[1mCRITICAL[0m 'molecule/default/molecule.yml' glob failed.  Exiting.
[31mERROR   [0m 'molecule/default/molecule.yml' glob failed.  Exiting.
*** FAILED: 

==== Running molecule in:
[31m[1mCRITICAL[0m 'molecule/default/molecule.yml' glob failed.  Exiting.
[31mERROR   [0m 'molecule/default/molecule.yml' glob failed.  Exiting.
*** FAILED: 

==== Running molecule in:
[31m[1mCRITICAL[0m 'molecule/default/molecule.yml' glob failed.  Exiting.
[31mERROR   [0m 'molecule/default/molecule.yml' glob failed.  Exiting.
*** FAILED: 

==== Running molecule in:
[31m[1mCRITICAL[0m 'molecule/default/molecule.yml' glob failed.  Exiting.
[31mERROR   [0m 'molecule/default/molecule.yml' glob failed.  Exiting.
*** FAILED: 

==== Running molecule in:
[31m[1mCRITICAL[0m 'molecule/default/molecule.yml' glob failed.  Exiting.
[31mERROR   [0m 'molecule/default/molecule.yml' glob failed.  Exiting.
*** FAILED: 

==== Running molecule in:
[31m[1mCRITICAL[0m 'molecule/default/molecule.yml' glob failed.  Exiting.
[31mERROR   [0m 'molecule/default/molecule.yml' glob failed.  Exiting.
*** FAILED: 

==== Running molecule in:
[31m[1mCRITICAL[0m 'molecule/default/molecule.yml' glob failed.  Exiting.
[31mERROR   [0m 'molecule/default/molecule.yml' glob failed.  Exiting.
*** FAILED: 

==== Running molecule in:
[31m[1mCRITICAL[0m 'molecule/default/molecule.yml' glob failed.  Exiting.
[31mERROR   [0m 'molecule/default/molecule.yml' glob failed.  Exiting.
*** FAILED: 

==== Running molecule in:
[31m[1mCRITICAL[0m 'molecule/default/molecule.yml' glob failed.  Exiting.
[31mERROR   [0m 'molecule/default/molecule.yml' glob failed.  Exiting.
*** FAILED: 

==== Running molecule in:
[31m[1mCRITICAL[0m 'molecule/default/molecule.yml' glob failed.  Exiting.
[31mERROR   [0m 'molecule/default/molecule.yml' glob failed.  Exiting.
*** FAILED: 

==== Running molecule in:
[31m[1mCRITICAL[0m 'molecule/default/molecule.yml' glob failed.  Exiting.
[31mERROR   [0m 'molecule/default/molecule.yml' glob failed.  Exiting.
*** FAILED: 

==== Running molecule in:
[31m[1mCRITICAL[0m 'molecule/default/molecule.yml' glob failed.  Exiting.
[31mERROR   [0m 'molecule/default/molecule.yml' glob failed.  Exiting.
*** FAILED: 

==== Running molecule in:
[31m[1mCRITICAL[0m 'molecule/default/molecule.yml' glob failed.  Exiting.
[31mERROR   [0m 'molecule/default/molecule.yml' glob failed.  Exiting.
*** FAILED: 

==== Running molecule in:
[31m[1mCRITICAL[0m 'molecule/default/molecule.yml' glob failed.  Exiting.
[31mERROR   [0m 'molecule/default/molecule.yml' glob failed.  Exiting.
*** FAILED: 
